2022-03-24 08:15:09,232 WARN [http-nio-8080-exec-1] c.z.h.u.DriverDataSource [DriverDataSource.java:70] Registered driver with driverClassName=com.mysql.jdbc.Driver was not found, trying direct instantiation.
2022-03-24 09:17:25,206 WARN [restartedMain] o.s.b.w.s.c.AnnotationConfigServletWebServerApplicationContext [AbstractApplicationContext.java:591] Exception encountered during context initialization - cancelling refresh attempt: org.springframework.beans.factory.BeanCreationException: Error creating bean with name 'homeController' defined in file [E:\Java\workspace_idea\newCoder\target\classes\com\rxue\controller\HomeController.class]: Post-processing of merged bean definition failed; nested exception is java.lang.IllegalStateException: Failed to introspect Class [com.rxue.controller.HomeController] from ClassLoader [org.springframework.boot.devtools.restart.classloader.RestartClassLoader@673a7750]
2022-03-24 09:26:04,106 WARN [main] c.z.h.u.DriverDataSource [DriverDataSource.java:70] Registered driver with driverClassName=com.mysql.jdbc.Driver was not found, trying direct instantiation.
2022-03-24 09:26:57,151 WARN [main] c.z.h.u.DriverDataSource [DriverDataSource.java:70] Registered driver with driverClassName=com.mysql.jdbc.Driver was not found, trying direct instantiation.
2022-03-24 09:28:02,303 WARN [main] c.z.h.u.DriverDataSource [DriverDataSource.java:70] Registered driver with driverClassName=com.mysql.jdbc.Driver was not found, trying direct instantiation.
2022-03-24 09:30:14,579 WARN [main] c.z.h.u.DriverDataSource [DriverDataSource.java:70] Registered driver with driverClassName=com.mysql.jdbc.Driver was not found, trying direct instantiation.
2022-03-24 10:03:35,863 WARN [http-nio-8080-exec-1] c.z.h.u.DriverDataSource [DriverDataSource.java:70] Registered driver with driverClassName=com.mysql.jdbc.Driver was not found, trying direct instantiation.
2022-03-24 10:08:52,225 WARN [http-nio-8080-exec-3] c.z.h.u.DriverDataSource [DriverDataSource.java:70] Registered driver with driverClassName=com.mysql.jdbc.Driver was not found, trying direct instantiation.
2022-03-24 10:12:37,712 WARN [http-nio-8080-exec-1] c.z.h.u.DriverDataSource [DriverDataSource.java:70] Registered driver with driverClassName=com.mysql.jdbc.Driver was not found, trying direct instantiation.
2022-03-24 10:21:54,340 WARN [http-nio-8080-exec-2] c.z.h.u.DriverDataSource [DriverDataSource.java:70] Registered driver with driverClassName=com.mysql.jdbc.Driver was not found, trying direct instantiation.
2022-03-24 10:30:17,240 WARN [http-nio-8080-exec-1] c.z.h.u.DriverDataSource [DriverDataSource.java:70] Registered driver with driverClassName=com.mysql.jdbc.Driver was not found, trying direct instantiation.
2022-03-24 10:36:42,019 WARN [http-nio-8080-exec-1] c.z.h.u.DriverDataSource [DriverDataSource.java:70] Registered driver with driverClassName=com.mysql.jdbc.Driver was not found, trying direct instantiation.
2022-03-24 10:42:52,269 WARN [http-nio-8080-exec-1] c.z.h.u.DriverDataSource [DriverDataSource.java:70] Registered driver with driverClassName=com.mysql.jdbc.Driver was not found, trying direct instantiation.
2022-03-24 10:49:02,361 WARN [http-nio-8080-exec-1] c.z.h.u.DriverDataSource [DriverDataSource.java:70] Registered driver with driverClassName=com.mysql.jdbc.Driver was not found, trying direct instantiation.
2022-03-24 10:54:22,670 WARN [http-nio-8080-exec-1] c.z.h.u.DriverDataSource [DriverDataSource.java:70] Registered driver with driverClassName=com.mysql.jdbc.Driver was not found, trying direct instantiation.
2022-03-24 10:55:08,806 WARN [http-nio-8080-exec-1] c.z.h.u.DriverDataSource [DriverDataSource.java:70] Registered driver with driverClassName=com.mysql.jdbc.Driver was not found, trying direct instantiation.
2022-03-24 10:57:48,622 WARN [http-nio-8080-exec-1] c.z.h.u.DriverDataSource [DriverDataSource.java:70] Registered driver with driverClassName=com.mysql.jdbc.Driver was not found, trying direct instantiation.
2022-03-24 10:58:47,587 WARN [http-nio-8080-exec-1] c.z.h.u.DriverDataSource [DriverDataSource.java:70] Registered driver with driverClassName=com.mysql.jdbc.Driver was not found, trying direct instantiation.
2022-03-24 12:29:50,963 WARN [http-nio-8080-exec-1] c.z.h.u.DriverDataSource [DriverDataSource.java:70] Registered driver with driverClassName=com.mysql.jdbc.Driver was not found, trying direct instantiation.
2022-03-24 12:34:22,920 WARN [http-nio-8080-exec-1] c.z.h.u.DriverDataSource [DriverDataSource.java:70] Registered driver with driverClassName=com.mysql.jdbc.Driver was not found, trying direct instantiation.
2022-03-24 12:37:31,381 WARN [http-nio-8080-exec-1] c.z.h.u.DriverDataSource [DriverDataSource.java:70] Registered driver with driverClassName=com.mysql.jdbc.Driver was not found, trying direct instantiation.
2022-03-24 12:38:46,917 WARN [http-nio-8080-exec-2] c.z.h.u.DriverDataSource [DriverDataSource.java:70] Registered driver with driverClassName=com.mysql.jdbc.Driver was not found, trying direct instantiation.
2022-03-24 12:40:47,781 WARN [http-nio-8080-exec-1] c.z.h.u.DriverDataSource [DriverDataSource.java:70] Registered driver with driverClassName=com.mysql.jdbc.Driver was not found, trying direct instantiation.
2022-03-24 12:45:23,439 WARN [http-nio-8080-exec-2] c.z.h.u.DriverDataSource [DriverDataSource.java:70] Registered driver with driverClassName=com.mysql.jdbc.Driver was not found, trying direct instantiation.
2022-03-24 12:47:49,017 WARN [http-nio-8080-exec-1] c.z.h.u.DriverDataSource [DriverDataSource.java:70] Registered driver with driverClassName=com.mysql.jdbc.Driver was not found, trying direct instantiation.
2022-03-24 14:24:03,910 WARN [http-nio-8080-exec-1] c.z.h.u.DriverDataSource [DriverDataSource.java:70] Registered driver with driverClassName=com.mysql.jdbc.Driver was not found, trying direct instantiation.
2022-03-24 14:25:10,186 WARN [http-nio-8080-exec-2] c.z.h.u.DriverDataSource [DriverDataSource.java:70] Registered driver with driverClassName=com.mysql.jdbc.Driver was not found, trying direct instantiation.
2022-03-24 14:25:10,598 WARN [http-nio-8080-exec-4] o.s.w.s.m.s.DefaultHandlerExceptionResolver [AbstractHandlerExceptionResolver.java:208] Resolved [org.springframework.web.method.annotation.MethodArgumentTypeMismatchException: Failed to convert value of type 'java.lang.String' to required type 'int'; nested exception is java.lang.NumberFormatException: For input string: "user.headerUrl"]
2022-03-24 14:25:19,515 WARN [http-nio-8080-exec-6] o.s.w.s.m.s.DefaultHandlerExceptionResolver [AbstractHandlerExceptionResolver.java:208] Resolved [org.springframework.web.method.annotation.MethodArgumentTypeMismatchException: Failed to convert value of type 'java.lang.String' to required type 'int'; nested exception is java.lang.NumberFormatException: For input string: "profile.html"]
2022-03-24 14:25:35,396 WARN [http-nio-8080-exec-7] o.s.w.s.m.s.DefaultHandlerExceptionResolver [AbstractHandlerExceptionResolver.java:208] Resolved [org.springframework.web.method.annotation.MethodArgumentTypeMismatchException: Failed to convert value of type 'java.lang.String' to required type 'int'; nested exception is java.lang.NumberFormatException: For input string: "user.headerUrl"]
2022-03-24 14:26:41,797 WARN [http-nio-8080-exec-1] c.z.h.u.DriverDataSource [DriverDataSource.java:70] Registered driver with driverClassName=com.mysql.jdbc.Driver was not found, trying direct instantiation.
2022-03-24 16:06:02,865 WARN [main] c.z.h.u.DriverDataSource [DriverDataSource.java:70] Registered driver with driverClassName=com.mysql.jdbc.Driver was not found, trying direct instantiation.
2022-03-24 16:13:15,935 WARN [main] c.z.h.u.DriverDataSource [DriverDataSource.java:70] Registered driver with driverClassName=com.mysql.jdbc.Driver was not found, trying direct instantiation.
2022-03-24 16:58:58,208 WARN [http-nio-8080-exec-1] c.z.h.u.DriverDataSource [DriverDataSource.java:70] Registered driver with driverClassName=com.mysql.jdbc.Driver was not found, trying direct instantiation.
2022-03-24 17:07:58,451 WARN [http-nio-8080-exec-1] c.z.h.u.DriverDataSource [DriverDataSource.java:70] Registered driver with driverClassName=com.mysql.jdbc.Driver was not found, trying direct instantiation.
2022-03-24 17:56:24,398 WARN [http-nio-8080-exec-1] c.z.h.u.DriverDataSource [DriverDataSource.java:70] Registered driver with driverClassName=com.mysql.jdbc.Driver was not found, trying direct instantiation.
2022-03-24 18:00:46,656 WARN [http-nio-8080-exec-1] c.z.h.u.DriverDataSource [DriverDataSource.java:70] Registered driver with driverClassName=com.mysql.jdbc.Driver was not found, trying direct instantiation.
2022-03-24 18:01:45,872 WARN [http-nio-8080-exec-1] c.z.h.u.DriverDataSource [DriverDataSource.java:70] Registered driver with driverClassName=com.mysql.jdbc.Driver was not found, trying direct instantiation.
2022-03-24 19:22:36,264 WARN [main] c.z.h.u.DriverDataSource [DriverDataSource.java:70] Registered driver with driverClassName=com.mysql.jdbc.Driver was not found, trying direct instantiation.
2022-03-24 19:23:10,164 WARN [main] c.z.h.u.DriverDataSource [DriverDataSource.java:70] Registered driver with driverClassName=com.mysql.jdbc.Driver was not found, trying direct instantiation.
2022-03-24 21:37:11,440 WARN [http-nio-8080-exec-1] c.z.h.u.DriverDataSource [DriverDataSource.java:70] Registered driver with driverClassName=com.mysql.jdbc.Driver was not found, trying direct instantiation.
2022-03-24 21:40:43,568 WARN [http-nio-8080-exec-1] c.z.h.u.DriverDataSource [DriverDataSource.java:70] Registered driver with driverClassName=com.mysql.jdbc.Driver was not found, trying direct instantiation.
2022-03-24 21:43:37,625 WARN [http-nio-8080-exec-1] c.z.h.u.DriverDataSource [DriverDataSource.java:70] Registered driver with driverClassName=com.mysql.jdbc.Driver was not found, trying direct instantiation.
2022-03-24 21:46:00,920 WARN [http-nio-8080-exec-1] c.z.h.u.DriverDataSource [DriverDataSource.java:70] Registered driver with driverClassName=com.mysql.jdbc.Driver was not found, trying direct instantiation.
2022-03-24 21:50:22,686 WARN [http-nio-8080-exec-1] c.z.h.u.DriverDataSource [DriverDataSource.java:70] Registered driver with driverClassName=com.mysql.jdbc.Driver was not found, trying direct instantiation.
2022-03-24 21:51:24,630 WARN [http-nio-8080-exec-1] c.z.h.u.DriverDataSource [DriverDataSource.java:70] Registered driver with driverClassName=com.mysql.jdbc.Driver was not found, trying direct instantiation.
